<?xml version="1.0" encoding="UTF-8" ?>

<testsuite failures="0" time="1.49" errors="0" skipped="0" tests="6" name="BasicTest">
  <testcase classname="BasicTest" name="useTheCommentsRelation" time="0.446">
      </testcase>
  <testcase classname="BasicTest" name="postComments" time="0.172">
      </testcase>
  <testcase classname="BasicTest" name="tryConnectAsUser" time="0.177">
      </testcase>
  <testcase classname="BasicTest" name="fullTest" time="0.4">
      </testcase>
  <testcase classname="BasicTest" name="createPost" time="0.151">
      </testcase>
  <testcase classname="BasicTest" name="createAndRetrieveUser" time="0.144">
      </testcase>
</testsuite>